<?xml version="1.0" encoding="UTF-8"?>
<testsuite name="API de Rick and Morty" tests="5" skipped="0" failures="0" errors="0" timestamp="2026-02-23T15:48:04.333Z" hostname="MacbookCHM3894.local" time="3.771">
  <properties/>
  <testcase name="Obtener lista de personajes" classname="API de Rick and Morty" time="2.202"/>
  <testcase name="Obtener un personaje específico" classname="API de Rick and Morty" time="0.337"/>
  <testcase name="Buscar personajes por nombre" classname="API de Rick and Morty" time="0.32"/>
  <testcase name="Buscar personajes con filtros" classname="API de Rick and Morty" time="0.619"/>
  <testcase name="Consultar personaje inexistente" classname="API de Rick and Morty" time="0.293"/>
  <system-out><![CDATA[
@api @rickandmorty @get_all_characters
Escenario: Obtener lista de personajes            ?[90m# src/test/resources/features/api/RickAndMorty.feature:10?[0m
10:48:04.416 [Test worker] INFO   - 
  _____   ___   ___   _____     ___   _____     _     ___   _____   ___   ___  
 |_   _| | __| / __| |_   _|   / __| |_   _|   /_\   | _ \ |_   _| | __| |   \ 
   | |   | _|  \__ \   | |     \__ \   | |    / _ \  |   /   | |   | _|  | |) |
   |_|   |___| |___/   |_|     |___/   |_|   /_/ \_\ |_|_\   |_|   |___| |___/ 

Obtener lista de personajes(api-de-rick-and-morty;obtener-lista-de-personajes)
--------------------------------------------------------------------------------
10:48:04.454 [Test worker] INFO   - ?[92m|-- Cuando consulto la lista de personajes?[0m
10:48:04.581 [Test worker] INFO   - ?[92m|---- Usuario api get characters?[0m
10:48:04.619 [Test worker] INFO   - ?[92m|------ Usuario API executes a GET on the resource /character?[0m
  ?[32mCuando ?[0m?[32mconsulto la lista de personajes?[0m          ?[90m# stepdefinitions.api.RickAndMortySteps.consultoLaListaDePersonajes()?[0m
10:48:06.246 [Test worker] INFO   - ?[92m|-- Entonces el código de respuesta debería ser 200?[0m
10:48:06.289 [Test worker] INFO   - ?[92m|---- Then El c&oacute;digo de estado should be (200)?[0m
  ?[32mEntonces ?[0m?[32mel código de respuesta debería ser ?[0m?[32m?[1m200?[0m ?[90m# stepdefinitions.api.RickAndMortySteps.elCodigoDeRespuestaDeberiaSer(java.lang.Integer)?[0m
10:48:06.294 [Test worker] INFO   - ?[92m|-- Y la respuesta debería contener personajes?[0m
10:48:06.298 [Test worker] INFO   - ?[92m|---- Then La respuesta contiene personajes should be a string containing '\'results\''?[0m
  ?[32mY ?[0m?[32mla respuesta debería contener personajes?[0m      ?[90m# stepdefinitions.api.RickAndMortySteps.laRespuestaDeberiaContenerPersonajes()?[0m
10:48:06.302 [Test worker] INFO   - ?[92m|-- Y el campo "info.count" debería ser mayor a 0?[0m
10:48:06.305 [Test worker] INFO   - ?[92m|---- Then El campo info.count should be a value greater than (0)?[0m
  ?[32mY ?[0m?[32mel campo ?[0m?[32m?[1m"info.count"?[0m?[32m debería ser mayor a ?[0m?[32m?[1m0?[0m   ?[90m# stepdefinitions.api.RickAndMortySteps.elCampoDeberiaSerMayorA(java.lang.String,java.lang.Integer)?[0m
10:48:06.525 [Test worker] INFO   - ?[92m
  _____   ___   ___   _____     ___     _     ___   ___   ___   ___  
 |_   _| | __| / __| |_   _|   | _ \   /_\   / __| / __| | __| |   \ 
   | |   | _|  \__ \   | |     |  _/  / _ \  \__ \ \__ \ | _|  | |) |
   |_|   |___| |___/   |_|     |_|   /_/ \_\ |___/ |___/ |___| |___/ 

Obtener lista de personajes
----------------------------------------------------------------------?[0m

@api @rickandmorty @get_character_by_id
Escenario: Obtener un personaje específico        ?[90m# src/test/resources/features/api/RickAndMorty.feature:17?[0m
10:48:06.539 [Test worker] INFO   - 
  _____   ___   ___   _____     ___   _____     _     ___   _____   ___   ___  
 |_   _| | __| / __| |_   _|   / __| |_   _|   /_\   | _ \ |_   _| | __| |   \ 
   | |   | _|  \__ \   | |     \__ \   | |    / _ \  |   /   | |   | _|  | |) |
   |_|   |___| |___/   |_|     |___/   |_|   /_/ \_\ |_|_\   |_|   |___| |___/ 

Obtener un personaje específico(api-de-rick-and-morty;obtener-un-personaje-específico)
--------------------------------------------------------------------------------
10:48:06.550 [Test worker] INFO   - ?[92m|-- Cuando consulto el personaje con ID 1?[0m
10:48:06.556 [Test worker] INFO   - ?[92m|---- Usuario api get character by?[0m
10:48:06.557 [Test worker] INFO   - ?[92m|------ Usuario API executes a GET on the resource /character/1?[0m
  ?[32mCuando ?[0m?[32mconsulto el personaje con ID ?[0m?[32m?[1m1?[0m           ?[90m# stepdefinitions.api.RickAndMortySteps.consultoElPersonajeConID(java.lang.Integer)?[0m
10:48:06.832 [Test worker] INFO   - ?[92m|-- Entonces el código de respuesta debería ser 200?[0m
10:48:06.833 [Test worker] INFO   - ?[92m|---- Then El c&oacute;digo de estado should be (200)?[0m
  ?[32mEntonces ?[0m?[32mel código de respuesta debería ser ?[0m?[32m?[1m200?[0m ?[90m# stepdefinitions.api.RickAndMortySteps.elCodigoDeRespuestaDeberiaSer(java.lang.Integer)?[0m
10:48:06.837 [Test worker] INFO   - ?[92m|-- Y el campo "name" debería ser "Rick Sanchez"?[0m
10:48:06.838 [Test worker] INFO   - ?[92m|---- Then El campo name should be 'Rick Sanchez'?[0m
  ?[32mY ?[0m?[32mel campo ?[0m?[32m?[1m"name"?[0m?[32m debería ser ?[0m?[32m?[1m"Rick Sanchez"?[0m    ?[90m# stepdefinitions.api.RickAndMortySteps.elCampoDeberiaSer(java.lang.String,java.lang.String)?[0m
10:48:06.847 [Test worker] INFO   - ?[92m|-- Y el campo "status" debería ser "Alive"?[0m
10:48:06.848 [Test worker] INFO   - ?[92m|---- Then El campo status should be 'Alive'?[0m
  ?[32mY ?[0m?[32mel campo ?[0m?[32m?[1m"status"?[0m?[32m debería ser ?[0m?[32m?[1m"Alive"?[0m         ?[90m# stepdefinitions.api.RickAndMortySteps.elCampoDeberiaSer(java.lang.String,java.lang.String)?[0m
10:48:06.857 [Test worker] INFO   - ?[92m|-- Y el campo "species" debería ser "Human"?[0m
10:48:06.858 [Test worker] INFO   - ?[92m|---- Then El campo species should be 'Human'?[0m
  ?[32mY ?[0m?[32mel campo ?[0m?[32m?[1m"species"?[0m?[32m debería ser ?[0m?[32m?[1m"Human"?[0m        ?[90m# stepdefinitions.api.RickAndMortySteps.elCampoDeberiaSer(java.lang.String,java.lang.String)?[0m
10:48:06.867 [Test worker] INFO   - ?[92m
  _____   ___   ___   _____     ___     _     ___   ___   ___   ___  
 |_   _| | __| / __| |_   _|   | _ \   /_\   / __| / __| | __| |   \ 
   | |   | _|  \__ \   | |     |  _/  / _ \  \__ \ \__ \ | _|  | |) |
   |_|   |___| |___/   |_|     |_|   /_/ \_\ |___/ |___/ |___| |___/ 

Obtener un personaje específico
----------------------------------------------------------------------?[0m

@api @rickandmorty @search_by_name
Escenario: Buscar personajes por nombre                         ?[90m# src/test/resources/features/api/RickAndMorty.feature:25?[0m
10:48:06.875 [Test worker] INFO   - 
  _____   ___   ___   _____     ___   _____     _     ___   _____   ___   ___  
 |_   _| | __| / __| |_   _|   / __| |_   _|   /_\   | _ \ |_   _| | __| |   \ 
   | |   | _|  \__ \   | |     \__ \   | |    / _ \  |   /   | |   | _|  | |) |
   |_|   |___| |___/   |_|     |___/   |_|   /_/ \_\ |_|_\   |_|   |___| |___/ 

Buscar personajes por nombre(api-de-rick-and-morty;buscar-personajes-por-nombre)
--------------------------------------------------------------------------------
10:48:06.883 [Test worker] INFO   - ?[92m|-- Cuando busco personajes con el nombre "Morty"?[0m
10:48:06.885 [Test worker] INFO   - ?[92m|---- Usuario api get characters?[0m
10:48:06.887 [Test worker] INFO   - ?[92m|------ Usuario API executes a GET on the resource /character?[0m
  ?[32mCuando ?[0m?[32mbusco personajes con el nombre ?[0m?[32m?[1m"Morty"?[0m                 ?[90m# stepdefinitions.api.RickAndMortySteps.buscoPersonajesConElNombre(java.lang.String)?[0m
10:48:07.171 [Test worker] INFO   - ?[92m|-- Entonces el código de respuesta debería ser 200?[0m
10:48:07.172 [Test worker] INFO   - ?[92m|---- Then El c&oacute;digo de estado should be (200)?[0m
  ?[32mEntonces ?[0m?[32mel código de respuesta debería ser ?[0m?[32m?[1m200?[0m               ?[90m# stepdefinitions.api.RickAndMortySteps.elCodigoDeRespuestaDeberiaSer(java.lang.Integer)?[0m
10:48:07.176 [Test worker] INFO   - ?[92m|-- Y la respuesta debería contener al menos 1 personaje?[0m
10:48:07.177 [Test worker] INFO   - ?[92m|---- Then La cantidad de personajes should be a string containing '\'results\''?[0m
  ?[32mY ?[0m?[32mla respuesta debería contener al menos ?[0m?[32m?[1m1?[0m?[32m personaje?[0m          ?[90m# stepdefinitions.api.RickAndMortySteps.laRespuestaDeberiaContenerAlMenosPersonaje(java.lang.Integer)?[0m
10:48:07.181 [Test worker] INFO   - ?[92m|-- Y todos los personajes deberían contener "Morty" en su nombre?[0m
10:48:07.182 [Test worker] INFO   - ?[92m|---- Then Los nombres contienen Morty should be a string containing 'Morty'?[0m
  ?[32mY ?[0m?[32mtodos los personajes deberían contener ?[0m?[32m?[1m"Morty"?[0m?[32m en su nombre?[0m ?[90m# stepdefinitions.api.RickAndMortySteps.todosLosPersonajesDeberianContenerEnSuNombre(java.lang.String)?[0m
10:48:07.186 [Test worker] INFO   - ?[92m
  _____   ___   ___   _____     ___     _     ___   ___   ___   ___  
 |_   _| | __| / __| |_   _|   | _ \   /_\   / __| / __| | __| |   \ 
   | |   | _|  \__ \   | |     |  _/  / _ \  \__ \ \__ \ | _|  | |) |
   |_|   |___| |___/   |_|     |_|   /_/ \_\ |___/ |___/ |___| |___/ 

Buscar personajes por nombre
----------------------------------------------------------------------?[0m

@api @rickandmorty @search_with_filters
Escenario: Buscar personajes con filtros                     ?[90m# src/test/resources/features/api/RickAndMorty.feature:32?[0m
10:48:07.196 [Test worker] INFO   - 
  _____   ___   ___   _____     ___   _____     _     ___   _____   ___   ___  
 |_   _| | __| / __| |_   _|   / __| |_   _|   /_\   | _ \ |_   _| | __| |   \ 
   | |   | _|  \__ \   | |     \__ \   | |    / _ \  |   /   | |   | _|  | |) |
   |_|   |___| |___/   |_|     |___/   |_|   /_/ \_\ |_|_\   |_|   |___| |___/ 

Buscar personajes con filtros(api-de-rick-and-morty;buscar-personajes-con-filtros)
--------------------------------------------------------------------------------
10:48:07.204 [Test worker] INFO   - ?[92m|-- Cuando busco personajes con nombre "Rick" y estado "Alive"?[0m
10:48:07.206 [Test worker] INFO   - ?[92m|---- Usuario api get characters?[0m
10:48:07.212 [Test worker] INFO   - ?[92m|------ Usuario API executes a GET on the resource /character?[0m
  ?[32mCuando ?[0m?[32mbusco personajes con nombre ?[0m?[32m?[1m"Rick"?[0m?[32m y estado ?[0m?[32m?[1m"Alive"?[0m ?[90m# stepdefinitions.api.RickAndMortySteps.buscoPersonajesConNombreYEstado(java.lang.String,java.lang.String)?[0m
10:48:07.793 [Test worker] INFO   - ?[92m|-- Entonces el código de respuesta debería ser 200?[0m
10:48:07.794 [Test worker] INFO   - ?[92m|---- Then El c&oacute;digo de estado should be (200)?[0m
  ?[32mEntonces ?[0m?[32mel código de respuesta debería ser ?[0m?[32m?[1m200?[0m            ?[90m# stepdefinitions.api.RickAndMortySteps.elCodigoDeRespuestaDeberiaSer(java.lang.Integer)?[0m
10:48:07.800 [Test worker] INFO   - ?[92m|-- Y todos los personajes deberían tener estado "Alive"?[0m
10:48:07.801 [Test worker] INFO   - ?[92m|---- Then El estado de los personajes should be a string containing '\'status\':\'Alive\''?[0m
  ?[32mY ?[0m?[32mtodos los personajes deberían tener estado ?[0m?[32m?[1m"Alive"?[0m       ?[90m# stepdefinitions.api.RickAndMortySteps.todosLosPersonajesDeberianTenerEstado(java.lang.String)?[0m
10:48:07.806 [Test worker] INFO   - ?[92m
  _____   ___   ___   _____     ___     _     ___   ___   ___   ___  
 |_   _| | __| / __| |_   _|   | _ \   /_\   / __| / __| | __| |   \ 
   | |   | _|  \__ \   | |     |  _/  / _ \  \__ \ \__ \ | _|  | |) |
   |_|   |___| |___/   |_|     |_|   /_/ \_\ |___/ |___/ |___| |___/ 

Buscar personajes con filtros
----------------------------------------------------------------------?[0m

@api @rickandmorty @character_not_found
Escenario: Consultar personaje inexistente        ?[90m# src/test/resources/features/api/RickAndMorty.feature:38?[0m
10:48:07.814 [Test worker] INFO   - 
  _____   ___   ___   _____     ___   _____     _     ___   _____   ___   ___  
 |_   _| | __| / __| |_   _|   / __| |_   _|   /_\   | _ \ |_   _| | __| |   \ 
   | |   | _|  \__ \   | |     \__ \   | |    / _ \  |   /   | |   | _|  | |) |
   |_|   |___| |___/   |_|     |___/   |_|   /_/ \_\ |_|_\   |_|   |___| |___/ 

Consultar personaje inexistente(api-de-rick-and-morty;consultar-personaje-inexistente)
--------------------------------------------------------------------------------
10:48:07.821 [Test worker] INFO   - ?[92m|-- Cuando consulto el personaje con ID 99999?[0m
10:48:07.823 [Test worker] INFO   - ?[92m|---- Usuario api get character by?[0m
10:48:07.824 [Test worker] INFO   - ?[92m|------ Usuario API executes a GET on the resource /character/99999?[0m
  ?[32mCuando ?[0m?[32mconsulto el personaje con ID ?[0m?[32m?[1m99999?[0m       ?[90m# stepdefinitions.api.RickAndMortySteps.consultoElPersonajeConID(java.lang.Integer)?[0m
10:48:08.093 [Test worker] INFO   - ?[92m|-- Entonces el código de respuesta debería ser 404?[0m
10:48:08.094 [Test worker] INFO   - ?[92m|---- Then El c&oacute;digo de estado should be (404)?[0m
  ?[32mEntonces ?[0m?[32mel código de respuesta debería ser ?[0m?[32m?[1m404?[0m ?[90m# stepdefinitions.api.RickAndMortySteps.elCodigoDeRespuestaDeberiaSer(java.lang.Integer)?[0m
10:48:08.099 [Test worker] INFO   - ?[92m
  _____   ___   ___   _____     ___     _     ___   ___   ___   ___  
 |_   _| | __| / __| |_   _|   | _ \   /_\   / __| / __| | __| |   \ 
   | |   | _|  \__ \   | |     |  _/  / _ \  \__ \ \__ \ | _|  | |) |
   |_|   |___| |___/   |_|     |_|   /_/ \_\ |___/ |___/ |___| |___/ 

Consultar personaje inexistente
----------------------------------------------------------------------?[0m
]]></system-out>
  <system-err><![CDATA[]]></system-err>
</testsuite>
