<?xml version="1.0" encoding="UTF-8" standalone="no"?><testsuite errors="1" failures="0" name="Login en aplicación web" skipped="0" tests="1" time="1.18" timestamp="2026-02-20 11:28:54"><testcase name="Login exitoso con credenciales válidas"><error message="Could not instantiate class org.openqa.selenium.edge.EdgeDriver" type="net.thucydides.core.webdriver.DriverConfigurationError">Could not instantiate class org.openqa.selenium.edge.EdgeDriver</error><system-err>Could not instantiate class org.openqa.selenium.edge.EdgeDriver
net.thucydides.core.webdriver.WebDriverFacade.newDriverInstance(WebDriverFacade.java:181)
net.thucydides.core.webdriver.WebDriverFacade.newProxyDriver(WebDriverFacade.java:169)
net.thucydides.core.webdriver.WebDriverFacade.getProxiedDriver(WebDriverFacade.java:120)
net.thucydides.core.webdriver.WebDriverFacade.get(WebDriverFacade.java:209)
net.thucydides.core.steps.StepInterceptor.invokeMethod(StepInterceptor.java:519)
net.thucydides.core.steps.StepInterceptor.executeTestStepMethod(StepInterceptor.java:499)
net.thucydides.core.steps.StepInterceptor.runTestStep(StepInterceptor.java:471)
net.thucydides.core.steps.StepInterceptor.runOrSkipMethod(StepInterceptor.java:213)
net.thucydides.core.steps.StepInterceptor.testStepResult(StepInterceptor.java:200)
net.thucydides.core.steps.StepInterceptor.intercept(StepInterceptor.java:92)
com.choucair.web.tasks.NavigateTo.performAs(NavigateTo.java:27)
net.thucydides.core.steps.StepInterceptor.invokeMethod(StepInterceptor.java:519)
net.thucydides.core.steps.StepInterceptor.executeTestStepMethod(StepInterceptor.java:499)
net.thucydides.core.steps.StepInterceptor.runTestStep(StepInterceptor.java:471)
net.thucydides.core.steps.StepInterceptor.runOrSkipMethod(StepInterceptor.java:213)
net.thucydides.core.steps.StepInterceptor.testStepResult(StepInterceptor.java:200)
net.thucydides.core.steps.StepInterceptor.intercept(StepInterceptor.java:92)
stepdefinitions.web.LoginWebSteps.queElUsuarioNavegaALaPaginaDeLogin(LoginWebSteps.java:21)
io.cucumber.java.Invoker.doInvoke(Invoker.java:66)
io.cucumber.java.Invoker.invoke(Invoker.java:24)
io.cucumber.java.AbstractGlueDefinition.invokeMethod(AbstractGlueDefinition.java:47)
io.cucumber.java.JavaStepDefinition.execute(JavaStepDefinition.java:29)
io.cucumber.core.runner.CoreStepDefinition.execute(CoreStepDefinition.java:66)
io.cucumber.core.runner.PickleStepDefinitionMatch.runStep(PickleStepDefinitionMatch.java:63)
io.cucumber.core.runner.TestStep.executeStep(TestStep.java:84)
io.cucumber.core.runner.TestStep.run(TestStep.java:56)
io.cucumber.core.runner.PickleStepTestStep.run(PickleStepTestStep.java:51)
io.cucumber.core.runner.TestCase.run(TestCase.java:84)
io.cucumber.core.runner.Runner.runPickle(Runner.java:75)
io.cucumber.core.runtime.CucumberExecutionContext.lambda$runTestCase$5(CucumberExecutionContext.java:137)
io.cucumber.core.runtime.RethrowingThrowableCollector.executeAndThrow(RethrowingThrowableCollector.java:23)
io.cucumber.core.runtime.CucumberExecutionContext.runTestCase(CucumberExecutionContext.java:137)
io.cucumber.junit.FeatureRunner.runChild(FeatureRunner.java:144)
io.cucumber.junit.FeatureRunner.runChild(FeatureRunner.java:28)
io.cucumber.junit.FeatureRunner.run(FeatureRunner.java:137)
io.cucumber.junit.CucumberSerenityBaseRunner.runChild(CucumberSerenityBaseRunner.java:330)
io.cucumber.junit.CucumberSerenityBaseRunner.runChild(CucumberSerenityBaseRunner.java:51)
worker.org.gradle.process.internal.worker.GradleWorkerMain.run(GradleWorkerMain.java:69)
worker.org.gradle.process.internal.worker.GradleWorkerMain.main(GradleWorkerMain.java:74)
</system-err></testcase></testsuite>